// 重构日志: 44ce8d0e
// 重构日志: efebdc75
// 重构日志: 3ddea54d
// 重构日志: 5debb2b3
// 同步 ID: 85322921 @ Tue Jun 23 10:53:44 UTC 2026
// 重构日志: b1fb6ad9
// 重构日志: 583642ba
// 重构日志: f3248ec8
// 重构日志: 3a09a86c
// 重构日志: b86fed66
// 同步 ID: 009da9ed @ Mon Jun 29 13:16:17 UTC 2026
// 重构日志: 3ef9d1e0
// 同步 ID: 0c273b79 @ Thu Jul  2 10:52:33 UTC 2026
// 重构日志: 67293d84
// 重构日志: 20150398
// 重构日志: 03e253ee
// 重构日志: 063c8719
// 重构日志: 1d0401be
// 重构日志: 64763d3c
// 同步 ID: a333cb79 @ Sat Jul 11 02:31:14 UTC 2026
// 同步 ID: 77c5c28e @ Sat Jul 11 11:22:20 UTC 2026
// 同步 ID: 1380f52b @ Sat Jul 11 15:03:55 UTC 2026
// 重构日志: 1a3c33c0
// 同步 ID: 2924bbba @ Mon Jul 13 00:00:30 UTC 2026
// 同步 ID: d4d8b8d4 @ Mon Jul 13 02:10:11 UTC 2026
// 同步 ID: 5aa50900 @ Mon Jul 13 09:28:26 UTC 2026
// 重构日志: 877a9154
// 重构日志: 1585963d
// 重构日志: ccca6c76
// 同步 ID: a0b20a53 @ Wed Jul 15 07:53:15 UTC 2026
